Analysis & Synthesis report for lab2
Thu Feb 19 20:49:29 2015
Quartus II 64-Bit Version 14.1.0 Build 186 12/03/2014 SJ Web Edition


---------------------
; Table of Contents ;
---------------------
  1. Legal Notice
  2. Analysis & Synthesis Summary
  3. Analysis & Synthesis Settings
  4. Parallel Compilation
  5. Analysis & Synthesis Source Files Read
  6. Analysis & Synthesis Resource Usage Summary
  7. Analysis & Synthesis Resource Utilization by Entity
  8. Registers Removed During Synthesis
  9. General Register Statistics
 10. Multiplexer Restructuring Statistics (Restructuring Performed)
 11. Post-Synthesis Netlist Statistics for Top Partition
 12. Elapsed Time Per Partition
 13. Analysis & Synthesis Messages



----------------
; Legal Notice ;
----------------
Copyright (C) 1991-2014 Altera Corporation. All rights reserved.
Your use of Altera Corporation's design tools, logic functions 
and other software and tools, and its AMPP partner logic 
functions, and any output files from any of the foregoing 
(including device programming or simulation files), and any 
associated documentation or information are expressly subject 
to the terms and conditions of the Altera Program License 
Subscription Agreement, the Altera Quartus II License Agreement,
the Altera MegaCore Function License Agreement, or other 
applicable license agreement, including, without limitation, 
that your use is for the sole purpose of programming logic 
devices manufactured by Altera and sold by Altera or its 
authorized distributors.  Please refer to the applicable 
agreement for further details.



+---------------------------------------------------------------------------------+
; Analysis & Synthesis Summary                                                    ;
+------------------------------------+--------------------------------------------+
; Analysis & Synthesis Status        ; Successful - Thu Feb 19 20:49:29 2015      ;
; Quartus II 64-Bit Version          ; 14.1.0 Build 186 12/03/2014 SJ Web Edition ;
; Revision Name                      ; lab2                                       ;
; Top-level Entity Name              ; register_file                              ;
; Family                             ; Cyclone IV E                               ;
; Total logic elements               ; 137                                        ;
;     Total combinational functions  ; 89                                         ;
;     Dedicated logic registers      ; 49                                         ;
; Total registers                    ; 49                                         ;
; Total pins                         ; 43                                         ;
; Total virtual pins                 ; 0                                          ;
; Total memory bits                  ; 0                                          ;
; Embedded Multiplier 9-bit elements ; 0                                          ;
; Total PLLs                         ; 0                                          ;
+------------------------------------+--------------------------------------------+


+----------------------------------------------------------------------------------------------------------------------+
; Analysis & Synthesis Settings                                                                                        ;
+----------------------------------------------------------------------------+--------------------+--------------------+
; Option                                                                     ; Setting            ; Default Value      ;
+----------------------------------------------------------------------------+--------------------+--------------------+
; Device                                                                     ; EP4CE115F29C7      ;                    ;
; Top-level entity name                                                      ; register_file      ; lab2               ;
; Family name                                                                ; Cyclone IV E       ; Cyclone IV GX      ;
; Use smart compilation                                                      ; Off                ; Off                ;
; Enable parallel Assembler and TimeQuest Timing Analyzer during compilation ; On                 ; On                 ;
; Enable compact report table                                                ; Off                ; Off                ;
; Restructure Multiplexers                                                   ; Auto               ; Auto               ;
; Create Debugging Nodes for IP Cores                                        ; Off                ; Off                ;
; Preserve fewer node names                                                  ; On                 ; On                 ;
; Disable OpenCore Plus hardware evaluation                                  ; Off                ; Off                ;
; Verilog Version                                                            ; Verilog_2001       ; Verilog_2001       ;
; VHDL Version                                                               ; VHDL_1993          ; VHDL_1993          ;
; State Machine Processing                                                   ; Auto               ; Auto               ;
; Safe State Machine                                                         ; Off                ; Off                ;
; Extract Verilog State Machines                                             ; On                 ; On                 ;
; Extract VHDL State Machines                                                ; On                 ; On                 ;
; Ignore Verilog initial constructs                                          ; Off                ; Off                ;
; Iteration limit for constant Verilog loops                                 ; 5000               ; 5000               ;
; Iteration limit for non-constant Verilog loops                             ; 250                ; 250                ;
; Add Pass-Through Logic to Inferred RAMs                                    ; On                 ; On                 ;
; Infer RAMs from Raw Logic                                                  ; On                 ; On                 ;
; Parallel Synthesis                                                         ; On                 ; On                 ;
; DSP Block Balancing                                                        ; Auto               ; Auto               ;
; NOT Gate Push-Back                                                         ; On                 ; On                 ;
; Power-Up Don't Care                                                        ; On                 ; On                 ;
; Remove Redundant Logic Cells                                               ; Off                ; Off                ;
; Remove Duplicate Registers                                                 ; On                 ; On                 ;
; Ignore CARRY Buffers                                                       ; Off                ; Off                ;
; Ignore CASCADE Buffers                                                     ; Off                ; Off                ;
; Ignore GLOBAL Buffers                                                      ; Off                ; Off                ;
; Ignore ROW GLOBAL Buffers                                                  ; Off                ; Off                ;
; Ignore LCELL Buffers                                                       ; Off                ; Off                ;
; Ignore SOFT Buffers                                                        ; On                 ; On                 ;
; Limit AHDL Integers to 32 Bits                                             ; Off                ; Off                ;
; Optimization Technique                                                     ; Balanced           ; Balanced           ;
; Carry Chain Length                                                         ; 70                 ; 70                 ;
; Auto Carry Chains                                                          ; On                 ; On                 ;
; Auto Open-Drain Pins                                                       ; On                 ; On                 ;
; Perform WYSIWYG Primitive Resynthesis                                      ; Off                ; Off                ;
; Auto ROM Replacement                                                       ; On                 ; On                 ;
; Auto RAM Replacement                                                       ; On                 ; On                 ;
; Auto DSP Block Replacement                                                 ; On                 ; On                 ;
; Auto Shift Register Replacement                                            ; Auto               ; Auto               ;
; Allow Shift Register Merging across Hierarchies                            ; Auto               ; Auto               ;
; Auto Clock Enable Replacement                                              ; On                 ; On                 ;
; Strict RAM Replacement                                                     ; Off                ; Off                ;
; Allow Synchronous Control Signals                                          ; On                 ; On                 ;
; Force Use of Synchronous Clear Signals                                     ; Off                ; Off                ;
; Auto RAM Block Balancing                                                   ; On                 ; On                 ;
; Auto RAM to Logic Cell Conversion                                          ; Off                ; Off                ;
; Auto Resource Sharing                                                      ; Off                ; Off                ;
; Allow Any RAM Size For Recognition                                         ; Off                ; Off                ;
; Allow Any ROM Size For Recognition                                         ; Off                ; Off                ;
; Allow Any Shift Register Size For Recognition                              ; Off                ; Off                ;
; Use LogicLock Constraints during Resource Balancing                        ; On                 ; On                 ;
; Ignore translate_off and synthesis_off directives                          ; Off                ; Off                ;
; Timing-Driven Synthesis                                                    ; On                 ; On                 ;
; Report Parameter Settings                                                  ; On                 ; On                 ;
; Report Source Assignments                                                  ; On                 ; On                 ;
; Report Connectivity Checks                                                 ; On                 ; On                 ;
; Ignore Maximum Fan-Out Assignments                                         ; Off                ; Off                ;
; Synchronization Register Chain Length                                      ; 2                  ; 2                  ;
; PowerPlay Power Optimization During Synthesis                              ; Normal compilation ; Normal compilation ;
; HDL message level                                                          ; Level2             ; Level2             ;
; Suppress Register Optimization Related Messages                            ; Off                ; Off                ;
; Number of Removed Registers Reported in Synthesis Report                   ; 5000               ; 5000               ;
; Number of Swept Nodes Reported in Synthesis Report                         ; 5000               ; 5000               ;
; Number of Inverted Registers Reported in Synthesis Report                  ; 100                ; 100                ;
; Clock MUX Protection                                                       ; On                 ; On                 ;
; Auto Gated Clock Conversion                                                ; Off                ; Off                ;
; Block Design Naming                                                        ; Auto               ; Auto               ;
; SDC constraint protection                                                  ; Off                ; Off                ;
; Synthesis Effort                                                           ; Auto               ; Auto               ;
; Shift Register Replacement - Allow Asynchronous Clear Signal               ; On                 ; On                 ;
; Pre-Mapping Resynthesis Optimization                                       ; Off                ; Off                ;
; Analysis & Synthesis Message Level                                         ; Medium             ; Medium             ;
; Disable Register Merging Across Hierarchies                                ; Auto               ; Auto               ;
; Resource Aware Inference For Block RAM                                     ; On                 ; On                 ;
; Synthesis Seed                                                             ; 1                  ; 1                  ;
+----------------------------------------------------------------------------+--------------------+--------------------+


Parallel compilation was disabled, but you have multiple processors available. Enable parallel compilation to reduce compilation time.
+-------------------------------------+
; Parallel Compilation                ;
+----------------------------+--------+
; Processors                 ; Number ;
+----------------------------+--------+
; Number detected on machine ; 4      ;
; Maximum allowed            ; 1      ;
+----------------------------+--------+


+-------------------------------------------------------------------------------------------------------------------------------------------------------------+
; Analysis & Synthesis Source Files Read                                                                                                                      ;
+----------------------------------+-----------------+------------------------------+---------------------------------------------------------------+---------+
; File Name with User-Entered Path ; Used in Netlist ; File Type                    ; File Name with Absolute Path                                  ; Library ;
+----------------------------------+-----------------+------------------------------+---------------------------------------------------------------+---------+
; register_file.sv                 ; yes             ; User SystemVerilog HDL File  ; C:/Users/johnn_000/Desktop/powerloop/141lab2/register_file.sv ;         ;
+----------------------------------+-----------------+------------------------------+---------------------------------------------------------------+---------+


+---------------------------------------------------------+
; Analysis & Synthesis Resource Usage Summary             ;
+---------------------------------------------+-----------+
; Resource                                    ; Usage     ;
+---------------------------------------------+-----------+
; Estimated Total logic elements              ; 137       ;
;                                             ;           ;
; Total combinational functions               ; 89        ;
; Logic element usage by number of LUT inputs ;           ;
;     -- 4 input functions                    ; 76        ;
;     -- 3 input functions                    ; 10        ;
;     -- <=2 input functions                  ; 3         ;
;                                             ;           ;
; Logic elements by mode                      ;           ;
;     -- normal mode                          ; 89        ;
;     -- arithmetic mode                      ; 0         ;
;                                             ;           ;
; Total registers                             ; 49        ;
;     -- Dedicated logic registers            ; 49        ;
;     -- I/O registers                        ; 0         ;
;                                             ;           ;
; I/O pins                                    ; 43        ;
;                                             ;           ;
; Embedded Multiplier 9-bit elements          ; 0         ;
;                                             ;           ;
; Maximum fan-out node                        ; clk~input ;
; Maximum fan-out                             ; 49        ;
; Total fan-out                               ; 545       ;
; Average fan-out                             ; 2.43      ;
+---------------------------------------------+-----------+


+-----------------------------------------------------------------------------------------------------------------------------------------------------------------------------+
; Analysis & Synthesis Resource Utilization by Entity                                                                                                                         ;
+----------------------------+-------------------+--------------+-------------+--------------+---------+-----------+------+--------------+---------------------+--------------+
; Compilation Hierarchy Node ; LC Combinationals ; LC Registers ; Memory Bits ; DSP Elements ; DSP 9x9 ; DSP 18x18 ; Pins ; Virtual Pins ; Full Hierarchy Name ; Library Name ;
+----------------------------+-------------------+--------------+-------------+--------------+---------+-----------+------+--------------+---------------------+--------------+
; |register_file             ; 89 (89)           ; 49 (49)      ; 0           ; 0            ; 0       ; 0         ; 43   ; 0            ; |register_file      ; work         ;
+----------------------------+-------------------+--------------+-------------+--------------+---------+-----------+------+--------------+---------------------+--------------+
Note: For table entries with two numbers listed, the numbers in parentheses indicate the number of resources of the given type used by the specific entity alone. The numbers listed outside of parentheses indicate the total resources of the given type used by the specific entity and all of its sub-entities in the hierarchy.


+--------------------------------------------------------------------------------+
; Registers Removed During Synthesis                                             ;
+---------------------------------------+----------------------------------------+
; Register name                         ; Reason for Removal                     ;
+---------------------------------------+----------------------------------------+
; general_registers[5][3]               ; Stuck at GND due to stuck port data_in ;
; general_registers[5][2]               ; Stuck at GND due to stuck port data_in ;
; general_registers[5][1]               ; Stuck at GND due to stuck port data_in ;
; general_registers[5][4]               ; Stuck at GND due to stuck port data_in ;
; general_registers[5][5]               ; Stuck at GND due to stuck port data_in ;
; general_registers[5][6]               ; Stuck at GND due to stuck port data_in ;
; general_registers[5][7]               ; Stuck at GND due to stuck port data_in ;
; Total Number of Removed Registers = 7 ;                                        ;
+---------------------------------------+----------------------------------------+


+------------------------------------------------------+
; General Register Statistics                          ;
+----------------------------------------------+-------+
; Statistic                                    ; Value ;
+----------------------------------------------+-------+
; Total registers                              ; 49    ;
; Number of registers using Synchronous Clear  ; 0     ;
; Number of registers using Synchronous Load   ; 0     ;
; Number of registers using Asynchronous Clear ; 0     ;
; Number of registers using Asynchronous Load  ; 0     ;
; Number of registers using Clock Enable       ; 48    ;
; Number of registers using Preset             ; 0     ;
+----------------------------------------------+-------+


+------------------------------------------------------------------------------------------------------------------------------------------+
; Multiplexer Restructuring Statistics (Restructuring Performed)                                                                           ;
+--------------------+-----------+---------------+----------------------+------------------------+------------+----------------------------+
; Multiplexer Inputs ; Bus Width ; Baseline Area ; Area if Restructured ; Saving if Restructured ; Registered ; Example Multiplexer Output ;
+--------------------+-----------+---------------+----------------------+------------------------+------------+----------------------------+
; 9:1                ; 4 bits    ; 24 LEs        ; 20 LEs               ; 4 LEs                  ; No         ; |register_file|regA        ;
; 9:1                ; 3 bits    ; 18 LEs        ; 15 LEs               ; 3 LEs                  ; No         ; |register_file|regA        ;
; 10:1               ; 4 bits    ; 24 LEs        ; 20 LEs               ; 4 LEs                  ; No         ; |register_file|regB        ;
; 10:1               ; 3 bits    ; 18 LEs        ; 12 LEs               ; 6 LEs                  ; No         ; |register_file|regB        ;
+--------------------+-----------+---------------+----------------------+------------------------+------------+----------------------------+


+-----------------------------------------------------+
; Post-Synthesis Netlist Statistics for Top Partition ;
+-----------------------+-----------------------------+
; Type                  ; Count                       ;
+-----------------------+-----------------------------+
; boundary_port         ; 43                          ;
; cycloneiii_ff         ; 49                          ;
;     ENA               ; 48                          ;
;     plain             ; 1                           ;
; cycloneiii_lcell_comb ; 89                          ;
;     normal            ; 89                          ;
;         2 data inputs ; 3                           ;
;         3 data inputs ; 10                          ;
;         4 data inputs ; 76                          ;
;                       ;                             ;
; Max LUT depth         ; 5.00                        ;
; Average LUT depth     ; 3.20                        ;
+-----------------------+-----------------------------+


+-------------------------------+
; Elapsed Time Per Partition    ;
+----------------+--------------+
; Partition Name ; Elapsed Time ;
+----------------+--------------+
; Top            ; 00:00:00     ;
+----------------+--------------+


+-------------------------------+
; Analysis & Synthesis Messages ;
+-------------------------------+
Info: *******************************************************************
Info: Running Quartus II 64-Bit Analysis & Synthesis
    Info: Version 14.1.0 Build 186 12/03/2014 SJ Web Edition
    Info: Processing started: Thu Feb 19 20:49:19 2015
Info: Command: quartus_map --read_settings_files=on --write_settings_files=off lab2 -c lab2
Warning (20028): Parallel compilation is not licensed and has been disabled
Info (12021): Found 1 design units, including 1 entities, in source file register_file.sv
    Info (12023): Found entity 1: register_file
Info (12021): Found 1 design units, including 1 entities, in source file lab2.bdf
    Info (12023): Found entity 1: lab2
Info (12021): Found 1 design units, including 1 entities, in source file testbench.sv
    Info (12023): Found entity 1: testbench
Info (12021): Found 1 design units, including 1 entities, in source file alu.sv
    Info (12023): Found entity 1: alu
Info (12021): Found 1 design units, including 1 entities, in source file alu_testbench.sv
    Info (12023): Found entity 1: alu_testbench
Info (12021): Found 1 design units, including 1 entities, in source file fetch_unit.sv
    Info (12023): Found entity 1: fetch_unit
Info (12021): Found 1 design units, including 1 entities, in source file rom.sv
    Info (12023): Found entity 1: inst_rom
Info (12021): Found 1 design units, including 1 entities, in source file fetch_unit_testbench.sv
    Info (12023): Found entity 1: fetch_unit_testbench
Info (12021): Found 1 design units, including 1 entities, in source file rom_testbench.sv
    Info (12023): Found entity 1: rom_testbench
Info (12021): Found 1 design units, including 1 entities, in source file decoder.sv
    Info (12023): Found entity 1: decoder
Warning (12090): Entity "mux" obtained from "mux.sv" instead of from Quartus II megafunction library
Info (12021): Found 1 design units, including 1 entities, in source file mux.sv
    Info (12023): Found entity 1: mux
Info (12021): Found 1 design units, including 1 entities, in source file datamem.v
    Info (12023): Found entity 1: single_port_ram_with_init
Info (12021): Found 1 design units, including 1 entities, in source file totaltestbench.sv
    Info (12023): Found entity 1: totalTestbench
Warning (10236): Verilog HDL Implicit Net warning at fetch_unit_testbench.sv(31): created implicit net for "SYNTHESIZED_WIRE_0"
Warning (10236): Verilog HDL Implicit Net warning at fetch_unit_testbench.sv(32): created implicit net for "SYNTHESIZED_WIRE_1"
Warning (10236): Verilog HDL Implicit Net warning at fetch_unit_testbench.sv(33): created implicit net for "SYNTHESIZED_WIRE_29"
Warning (10236): Verilog HDL Implicit Net warning at fetch_unit_testbench.sv(35): created implicit net for "SYNTHESIZED_WIRE_30"
Warning (10236): Verilog HDL Implicit Net warning at fetch_unit_testbench.sv(41): created implicit net for "SYNTHESIZED_WIRE_31"
Warning (10236): Verilog HDL Implicit Net warning at fetch_unit_testbench.sv(42): created implicit net for "SYNTHESIZED_WIRE_6"
Warning (10236): Verilog HDL Implicit Net warning at fetch_unit_testbench.sv(43): created implicit net for "SYNTHESIZED_WIRE_7"
Warning (10236): Verilog HDL Implicit Net warning at fetch_unit_testbench.sv(44): created implicit net for "SYNTHESIZED_WIRE_12"
Warning (10236): Verilog HDL Implicit Net warning at fetch_unit_testbench.sv(46): created implicit net for "SYNTHESIZED_WIRE_23"
Warning (10236): Verilog HDL Implicit Net warning at fetch_unit_testbench.sv(50): created implicit net for "SYNTHESIZED_WIRE_8"
Warning (10236): Verilog HDL Implicit Net warning at fetch_unit_testbench.sv(51): created implicit net for "SYNTHESIZED_WIRE_32"
Warning (10236): Verilog HDL Implicit Net warning at fetch_unit_testbench.sv(55): created implicit net for "SYNTHESIZED_WIRE_22"
Warning (10236): Verilog HDL Implicit Net warning at fetch_unit_testbench.sv(62): created implicit net for "SYNTHESIZED_WIRE_13"
Warning (10236): Verilog HDL Implicit Net warning at fetch_unit_testbench.sv(63): created implicit net for "SYNTHESIZED_WIRE_14"
Warning (10236): Verilog HDL Implicit Net warning at fetch_unit_testbench.sv(64): created implicit net for "SYNTHESIZED_WIRE_33"
Warning (10236): Verilog HDL Implicit Net warning at fetch_unit_testbench.sv(65): created implicit net for "SYNTHESIZED_WIRE_16"
Warning (10236): Verilog HDL Implicit Net warning at fetch_unit_testbench.sv(66): created implicit net for "SYNTHESIZED_WIRE_17"
Warning (10236): Verilog HDL Implicit Net warning at fetch_unit_testbench.sv(67): created implicit net for "SYNTHESIZED_WIRE_18"
Warning (10236): Verilog HDL Implicit Net warning at fetch_unit_testbench.sv(68): created implicit net for "SYNTHESIZED_WIRE_19"
Warning (10236): Verilog HDL Implicit Net warning at fetch_unit_testbench.sv(69): created implicit net for "SYNTHESIZED_WIRE_20"
Warning (10236): Verilog HDL Implicit Net warning at fetch_unit_testbench.sv(78): created implicit net for "SYNTHESIZED_WIRE_27"
Warning (10236): Verilog HDL Implicit Net warning at fetch_unit_testbench.sv(83): created implicit net for "SYNTHESIZED_WIRE_28"
Warning (10236): Verilog HDL Implicit Net warning at decoder.sv(41): created implicit net for "memwrite_o"
Info (12127): Elaborating entity "register_file" for the top level hierarchy
Warning (10036): Verilog HDL or VHDL warning at register_file.sv(19): object "label_registers" assigned a value but never read
Info (286030): Timing-Driven Synthesis is running
Info (16010): Generating hard_block partition "hard_block:auto_generated_inst"
    Info (16011): Adding 0 node(s), including 0 DDIO, 0 PLL, 0 transceiver and 0 LCELL
Warning (21074): Design contains 1 input pin(s) that do not drive logic
    Warning (15610): No output dependent on input pin "label_write"
Info (21057): Implemented 180 device resources after synthesis - the final resource count might be different
    Info (21058): Implemented 27 input pins
    Info (21059): Implemented 16 output pins
    Info (21061): Implemented 137 logic cells
Info: Quartus II 64-Bit Analysis & Synthesis was successful. 0 errors, 28 warnings
    Info: Peak virtual memory: 614 megabytes
    Info: Processing ended: Thu Feb 19 20:49:29 2015
    Info: Elapsed time: 00:00:10
    Info: Total CPU time (on all processors): 00:00:20


